Determining if the pthread_create exist failed with the following output:
Change Dir: /home/6im2/ftorre01/Documents/CG/td1/GLImac-Template-build/CMakeFiles/CMakeTmp

Run Build Command:"/usr/bin/make" "cmTC_5b846/fast"
/usr/bin/make -f CMakeFiles/cmTC_5b846.dir/build.make CMakeFiles/cmTC_5b846.dir/build
make[1] : on entre dans le répertoire « /home/6im2/ftorre01/Documents/CG/td1/GLImac-Template-build/CMakeFiles/CMakeTmp »
Building C object CMakeFiles/cmTC_5b846.dir/CheckSymbolExists.c.o
/usr/bin/cc     -o CMakeFiles/cmTC_5b846.dir/CheckSymbolExists.c.o   -c /home/6im2/ftorre01/Documents/CG/td1/GLImac-Template-build/CMakeFiles/CMakeTmp/CheckSymbolExists.c
Linking C executable cmTC_5b846
/usr/bin/cmake -E cmake_link_script CMakeFiles/cmTC_5b846.dir/link.txt --verbose=1
/usr/bin/cc       CMakeFiles/cmTC_5b846.dir/CheckSymbolExists.c.o  -o cmTC_5b846 -rdynamic 
CMakeFiles/cmTC_5b846.dir/CheckSymbolExists.c.o : Dans la fonction « main » :
CheckSymbolExists.c:(.text+0x1b) : référence indéfinie vers « pthread_create »
collect2: error: ld returned 1 exit status
CMakeFiles/cmTC_5b846.dir/build.make:97 : la recette pour la cible « cmTC_5b846 » a échouée
make[1]: *** [cmTC_5b846] Erreur 1
make[1] : on quitte le répertoire « /home/6im2/ftorre01/Documents/CG/td1/GLImac-Template-build/CMakeFiles/CMakeTmp »
Makefile:126 : la recette pour la cible « cmTC_5b846/fast » a échouée
make: *** [cmTC_5b846/fast] Erreur 2

File /home/6im2/ftorre01/Documents/CG/td1/GLImac-Template-build/CMakeFiles/CMakeTmp/CheckSymbolExists.c:
/* */
#include <pthread.h>

int main(int argc, char** argv)
{
  (void)argv;
#ifndef pthread_create
  return ((int*)(&pthread_create))[argc];
#else
  (void)argc;
  return 0;
#endif
}

Determining if the function pthread_create exists in the pthreads failed with the following output:
Change Dir: /home/6im2/ftorre01/Documents/CG/td1/GLImac-Template-build/CMakeFiles/CMakeTmp

Run Build Command:"/usr/bin/make" "cmTC_d49a7/fast"
/usr/bin/make -f CMakeFiles/cmTC_d49a7.dir/build.make CMakeFiles/cmTC_d49a7.dir/build
make[1] : on entre dans le répertoire « /home/6im2/ftorre01/Documents/CG/td1/GLImac-Template-build/CMakeFiles/CMakeTmp »
Building C object CMakeFiles/cmTC_d49a7.dir/CheckFunctionExists.c.o
/usr/bin/cc    -DCHECK_FUNCTION_EXISTS=pthread_create   -o CMakeFiles/cmTC_d49a7.dir/CheckFunctionExists.c.o   -c /usr/share/cmake-3.7/Modules/CheckFunctionExists.c
Linking C executable cmTC_d49a7
/usr/bin/cmake -E cmake_link_script CMakeFiles/cmTC_d49a7.dir/link.txt --verbose=1
/usr/bin/cc   -DCHECK_FUNCTION_EXISTS=pthread_create    CMakeFiles/cmTC_d49a7.dir/CheckFunctionExists.c.o  -o cmTC_d49a7 -rdynamic -lpthreads 
/usr/bin/ld : ne peut trouver -lpthreads
collect2: error: ld returned 1 exit status
CMakeFiles/cmTC_d49a7.dir/build.make:97 : la recette pour la cible « cmTC_d49a7 » a échouée
make[1]: *** [cmTC_d49a7] Erreur 1
make[1] : on quitte le répertoire « /home/6im2/ftorre01/Documents/CG/td1/GLImac-Template-build/CMakeFiles/CMakeTmp »
Makefile:126 : la recette pour la cible « cmTC_d49a7/fast » a échouée
make: *** [cmTC_d49a7/fast] Erreur 2


Determining if the pthread_create exist failed with the following output:
Change Dir: /home/ftorres/Documents/CG/td1/GLImac-Template-build/CMakeFiles/CMakeTmp

Run Build Command:"/usr/bin/make" "cmTC_71e28/fast"
/usr/bin/make -f CMakeFiles/cmTC_71e28.dir/build.make CMakeFiles/cmTC_71e28.dir/build
make[1] : on entre dans le répertoire « /home/ftorres/Documents/CG/td1/GLImac-Template-build/CMakeFiles/CMakeTmp »
Building C object CMakeFiles/cmTC_71e28.dir/CheckSymbolExists.c.o
/usr/bin/cc    -o CMakeFiles/cmTC_71e28.dir/CheckSymbolExists.c.o   -c /home/ftorres/Documents/CG/td1/GLImac-Template-build/CMakeFiles/CMakeTmp/CheckSymbolExists.c
Linking C executable cmTC_71e28
/usr/bin/cmake -E cmake_link_script CMakeFiles/cmTC_71e28.dir/link.txt --verbose=1
/usr/bin/cc      -rdynamic CMakeFiles/cmTC_71e28.dir/CheckSymbolExists.c.o  -o cmTC_71e28 
CMakeFiles/cmTC_71e28.dir/CheckSymbolExists.c.o : Dans la fonction « main » :
CheckSymbolExists.c:(.text+0x1b) : référence indéfinie vers « pthread_create »
collect2: error: ld returned 1 exit status
CMakeFiles/cmTC_71e28.dir/build.make:97: recipe for target 'cmTC_71e28' failed
make[1]: *** [cmTC_71e28] Error 1
make[1] : on quitte le répertoire « /home/ftorres/Documents/CG/td1/GLImac-Template-build/CMakeFiles/CMakeTmp »
Makefile:126: recipe for target 'cmTC_71e28/fast' failed
make: *** [cmTC_71e28/fast] Error 2

File /home/ftorres/Documents/CG/td1/GLImac-Template-build/CMakeFiles/CMakeTmp/CheckSymbolExists.c:
/* */
#include <pthread.h>

int main(int argc, char** argv)
{
  (void)argv;
#ifndef pthread_create
  return ((int*)(&pthread_create))[argc];
#else
  (void)argc;
  return 0;
#endif
}

Determining if the function pthread_create exists in the pthreads failed with the following output:
Change Dir: /home/ftorres/Documents/CG/td1/GLImac-Template-build/CMakeFiles/CMakeTmp

Run Build Command:"/usr/bin/make" "cmTC_89366/fast"
/usr/bin/make -f CMakeFiles/cmTC_89366.dir/build.make CMakeFiles/cmTC_89366.dir/build
make[1] : on entre dans le répertoire « /home/ftorres/Documents/CG/td1/GLImac-Template-build/CMakeFiles/CMakeTmp »
Building C object CMakeFiles/cmTC_89366.dir/CheckFunctionExists.c.o
/usr/bin/cc   -DCHECK_FUNCTION_EXISTS=pthread_create   -o CMakeFiles/cmTC_89366.dir/CheckFunctionExists.c.o   -c /usr/share/cmake-3.10/Modules/CheckFunctionExists.c
Linking C executable cmTC_89366
/usr/bin/cmake -E cmake_link_script CMakeFiles/cmTC_89366.dir/link.txt --verbose=1
/usr/bin/cc  -DCHECK_FUNCTION_EXISTS=pthread_create    -rdynamic CMakeFiles/cmTC_89366.dir/CheckFunctionExists.c.o  -o cmTC_89366 -lpthreads 
/usr/bin/x86_64-linux-gnu-ld : ne peut trouver -lpthreads
collect2: error: ld returned 1 exit status
CMakeFiles/cmTC_89366.dir/build.make:97: recipe for target 'cmTC_89366' failed
make[1]: *** [cmTC_89366] Error 1
make[1] : on quitte le répertoire « /home/ftorres/Documents/CG/td1/GLImac-Template-build/CMakeFiles/CMakeTmp »
Makefile:126: recipe for target 'cmTC_89366/fast' failed
make: *** [cmTC_89366/fast] Error 2


Determining if the pthread_create exist failed with the following output:
Change Dir: /home/ftorres/Documents/CG/td1/GLImac-Template-build/CMakeFiles/CMakeTmp

Run Build Command:"/usr/bin/make" "cmTC_f2ab7/fast"
/usr/bin/make -f CMakeFiles/cmTC_f2ab7.dir/build.make CMakeFiles/cmTC_f2ab7.dir/build
make[1] : on entre dans le répertoire « /home/ftorres/Documents/CG/td1/GLImac-Template-build/CMakeFiles/CMakeTmp »
Building C object CMakeFiles/cmTC_f2ab7.dir/CheckSymbolExists.c.o
/usr/bin/cc    -o CMakeFiles/cmTC_f2ab7.dir/CheckSymbolExists.c.o   -c /home/ftorres/Documents/CG/td1/GLImac-Template-build/CMakeFiles/CMakeTmp/CheckSymbolExists.c
Linking C executable cmTC_f2ab7
/usr/bin/cmake -E cmake_link_script CMakeFiles/cmTC_f2ab7.dir/link.txt --verbose=1
/usr/bin/cc      -rdynamic CMakeFiles/cmTC_f2ab7.dir/CheckSymbolExists.c.o  -o cmTC_f2ab7 
CMakeFiles/cmTC_f2ab7.dir/CheckSymbolExists.c.o : Dans la fonction « main » :
CheckSymbolExists.c:(.text+0x1b) : référence indéfinie vers « pthread_create »
collect2: error: ld returned 1 exit status
CMakeFiles/cmTC_f2ab7.dir/build.make:97: recipe for target 'cmTC_f2ab7' failed
make[1]: *** [cmTC_f2ab7] Error 1
make[1] : on quitte le répertoire « /home/ftorres/Documents/CG/td1/GLImac-Template-build/CMakeFiles/CMakeTmp »
Makefile:126: recipe for target 'cmTC_f2ab7/fast' failed
make: *** [cmTC_f2ab7/fast] Error 2

File /home/ftorres/Documents/CG/td1/GLImac-Template-build/CMakeFiles/CMakeTmp/CheckSymbolExists.c:
/* */
#include <pthread.h>

int main(int argc, char** argv)
{
  (void)argv;
#ifndef pthread_create
  return ((int*)(&pthread_create))[argc];
#else
  (void)argc;
  return 0;
#endif
}

Determining if the function pthread_create exists in the pthreads failed with the following output:
Change Dir: /home/ftorres/Documents/CG/td1/GLImac-Template-build/CMakeFiles/CMakeTmp

Run Build Command:"/usr/bin/make" "cmTC_f46ca/fast"
/usr/bin/make -f CMakeFiles/cmTC_f46ca.dir/build.make CMakeFiles/cmTC_f46ca.dir/build
make[1] : on entre dans le répertoire « /home/ftorres/Documents/CG/td1/GLImac-Template-build/CMakeFiles/CMakeTmp »
Building C object CMakeFiles/cmTC_f46ca.dir/CheckFunctionExists.c.o
/usr/bin/cc   -DCHECK_FUNCTION_EXISTS=pthread_create   -o CMakeFiles/cmTC_f46ca.dir/CheckFunctionExists.c.o   -c /usr/share/cmake-3.10/Modules/CheckFunctionExists.c
Linking C executable cmTC_f46ca
/usr/bin/cmake -E cmake_link_script CMakeFiles/cmTC_f46ca.dir/link.txt --verbose=1
/usr/bin/cc  -DCHECK_FUNCTION_EXISTS=pthread_create    -rdynamic CMakeFiles/cmTC_f46ca.dir/CheckFunctionExists.c.o  -o cmTC_f46ca -lpthreads 
/usr/bin/x86_64-linux-gnu-ld : ne peut trouver -lpthreads
collect2: error: ld returned 1 exit status
CMakeFiles/cmTC_f46ca.dir/build.make:97: recipe for target 'cmTC_f46ca' failed
make[1]: *** [cmTC_f46ca] Error 1
make[1] : on quitte le répertoire « /home/ftorres/Documents/CG/td1/GLImac-Template-build/CMakeFiles/CMakeTmp »
Makefile:126: recipe for target 'cmTC_f46ca/fast' failed
make: *** [cmTC_f46ca/fast] Error 2


