Determining if the pthread_create exist failed with the following output:
Change Dir: /home/ftorres/Documents/CG/imac2-cg/td1/GLImac-Template/CMakeFiles/CMakeTmp

Run Build Command:"/usr/bin/make" "cmTC_70a50/fast"
/usr/bin/make -f CMakeFiles/cmTC_70a50.dir/build.make CMakeFiles/cmTC_70a50.dir/build
make[1] : on entre dans le répertoire « /home/ftorres/Documents/CG/imac2-cg/td1/GLImac-Template/CMakeFiles/CMakeTmp »
Building C object CMakeFiles/cmTC_70a50.dir/CheckSymbolExists.c.o
/usr/bin/cc    -o CMakeFiles/cmTC_70a50.dir/CheckSymbolExists.c.o   -c /home/ftorres/Documents/CG/imac2-cg/td1/GLImac-Template/CMakeFiles/CMakeTmp/CheckSymbolExists.c
Linking C executable cmTC_70a50
/usr/bin/cmake -E cmake_link_script CMakeFiles/cmTC_70a50.dir/link.txt --verbose=1
/usr/bin/cc      -rdynamic CMakeFiles/cmTC_70a50.dir/CheckSymbolExists.c.o  -o cmTC_70a50 
CMakeFiles/cmTC_70a50.dir/CheckSymbolExists.c.o : Dans la fonction « main » :
CheckSymbolExists.c:(.text+0x1b) : référence indéfinie vers « pthread_create »
collect2: error: ld returned 1 exit status
CMakeFiles/cmTC_70a50.dir/build.make:97: recipe for target 'cmTC_70a50' failed
make[1]: *** [cmTC_70a50] Error 1
make[1] : on quitte le répertoire « /home/ftorres/Documents/CG/imac2-cg/td1/GLImac-Template/CMakeFiles/CMakeTmp »
Makefile:126: recipe for target 'cmTC_70a50/fast' failed
make: *** [cmTC_70a50/fast] Error 2

File /home/ftorres/Documents/CG/imac2-cg/td1/GLImac-Template/CMakeFiles/CMakeTmp/CheckSymbolExists.c:
/* */
#include <pthread.h>

int main(int argc, char** argv)
{
  (void)argv;
#ifndef pthread_create
  return ((int*)(&pthread_create))[argc];
#else
  (void)argc;
  return 0;
#endif
}

Determining if the function pthread_create exists in the pthreads failed with the following output:
Change Dir: /home/ftorres/Documents/CG/imac2-cg/td1/GLImac-Template/CMakeFiles/CMakeTmp

Run Build Command:"/usr/bin/make" "cmTC_681a0/fast"
/usr/bin/make -f CMakeFiles/cmTC_681a0.dir/build.make CMakeFiles/cmTC_681a0.dir/build
make[1] : on entre dans le répertoire « /home/ftorres/Documents/CG/imac2-cg/td1/GLImac-Template/CMakeFiles/CMakeTmp »
Building C object CMakeFiles/cmTC_681a0.dir/CheckFunctionExists.c.o
/usr/bin/cc   -DCHECK_FUNCTION_EXISTS=pthread_create   -o CMakeFiles/cmTC_681a0.dir/CheckFunctionExists.c.o   -c /usr/share/cmake-3.10/Modules/CheckFunctionExists.c
Linking C executable cmTC_681a0
/usr/bin/cmake -E cmake_link_script CMakeFiles/cmTC_681a0.dir/link.txt --verbose=1
/usr/bin/cc  -DCHECK_FUNCTION_EXISTS=pthread_create    -rdynamic CMakeFiles/cmTC_681a0.dir/CheckFunctionExists.c.o  -o cmTC_681a0 -lpthreads 
/usr/bin/x86_64-linux-gnu-ld : ne peut trouver -lpthreads
collect2: error: ld returned 1 exit status
CMakeFiles/cmTC_681a0.dir/build.make:97: recipe for target 'cmTC_681a0' failed
make[1]: *** [cmTC_681a0] Error 1
make[1] : on quitte le répertoire « /home/ftorres/Documents/CG/imac2-cg/td1/GLImac-Template/CMakeFiles/CMakeTmp »
Makefile:126: recipe for target 'cmTC_681a0/fast' failed
make: *** [cmTC_681a0/fast] Error 2


